[0.060s] Invoking command in '/home/mg-nx-bench/boson_ws/build/boson_camera': CMAKE_PREFIX_PATH=${CMAKE_PREFIX_PATH}:/opt/ros/humble /usr/bin/cmake --build /home/mg-nx-bench/boson_ws/build/boson_camera -- -j4 -l4
[0.379s] [35m[1mConsolidate compiler generated dependencies of target boson_camera_node[0m
[0.437s] [ 50%] [32mBuilding CXX object CMakeFiles/boson_camera_node.dir/src/boson_camera_node.cpp.o[0m
[9.474s] [01m[K/home/mg-nx-bench/boson_ws/boson_camera/src/boson_camera_node.cpp:[m[K In member function â€˜[01m[Kvoid BosonCameraNode::close_camera()[m[Kâ€™:
[9.474s] [01m[K/home/mg-nx-bench/boson_ws/boson_camera/src/boson_camera_node.cpp:58:43:[m[K [01;31m[Kerror: [m[Kâ€˜[01m[Ktype[m[Kâ€™ was not declared in this scope; did you mean â€˜[01m[Ktype_[m[Kâ€™?
[9.474s]    58 |         if( ioctl(fd_, VIDIOC_STREAMOFF, &[01;31m[Ktype[m[K) < 0 ){
[9.474s]       |                                           [01;31m[K^~~~[m[K
[9.474s]       |                                           [32m[Ktype_[m[K
[9.497s] [01m[K/home/mg-nx-bench/boson_ws/boson_camera/src/boson_camera_node.cpp:59:24:[m[K [01;31m[Kerror: [m[Kâ€˜[01m[KRED[m[Kâ€™ was not declared in this scope
[9.497s]    59 |                 perror([01;31m[KRED[m[K "VIDIOC_STREAMOFF" WHT);
[9.497s]       |                        [01;31m[K^~~[m[K
[9.516s] [01m[K/home/mg-nx-bench/boson_ws/boson_camera/src/boson_camera_node.cpp:[m[K In function â€˜[01m[Kvoid signal_handler(int)[m[Kâ€™:
[9.517s] [01m[K/home/mg-nx-bench/boson_ws/boson_camera/src/boson_camera_node.cpp:138:25:[m[K [01;35m[Kwarning: [m[Kunused parameter â€˜[01m[Ksignum[m[Kâ€™ [[01;35m[K]8;;https://gcc.gnu.org/onlinedocs/gcc/Warning-Options.html#index-Wunused-parameter-Wunused-parameter]8;;[m[K]
[9.517s]   138 | void signal_handler([01;35m[Kint signum[m[K) {
[9.517s]       |                     [01;35m[K~~~~^~~~~~[m[K
[12.737s] gmake[2]: *** [CMakeFiles/boson_camera_node.dir/build.make:76: CMakeFiles/boson_camera_node.dir/src/boson_camera_node.cpp.o] Error 1
[12.737s] gmake[1]: *** [CMakeFiles/Makefile2:137: CMakeFiles/boson_camera_node.dir/all] Error 2
[12.737s] gmake: *** [Makefile:146: all] Error 2
[12.750s] Invoked command in '/home/mg-nx-bench/boson_ws/build/boson_camera' returned '2': CMAKE_PREFIX_PATH=${CMAKE_PREFIX_PATH}:/opt/ros/humble /usr/bin/cmake --build /home/mg-nx-bench/boson_ws/build/boson_camera -- -j4 -l4
